<?xml version="1.0" encoding="UTF-8"?>
<testng-results skipped="0" failed="0" total="1" passed="1">
  <reporter-output>
  </reporter-output>
  <suite name="Default suite" duration-ms="38083" started-at="2018-12-06T09:52:17Z" finished-at="2018-12-06T09:52:55Z">
    <groups>
    </groups>
    <test name="Default test" duration-ms="38083" started-at="2018-12-06T09:52:17Z" finished-at="2018-12-06T09:52:55Z">
      <class name="testCases.TestingClass">
        <test-method status="PASS" signature="test()[pri:0, instance:testCases.TestingClass@68c4039c]" name="test" duration-ms="38033" started-at="2018-12-06T15:22:17Z" finished-at="2018-12-06T15:22:55Z">
          <reporter-output>
          </reporter-output>
        </test-method> <!-- test -->
      </class> <!-- testCases.TestingClass -->
    </test> <!-- Default test -->
  </suite> <!-- Default suite -->
</testng-results>
